[2025-08-22 04:33:02] 混合束流优化引擎 (核心方向约束 + 边缘凸性约束)
[2025-08-22 04:33:02] 开始时间: 2025-08-22 04:33:02
[2025-08-22 04:33:02] 网格精度: 0.1mm | 区域半径: 核心3.0mm, 过渡7.0mm
[2025-08-22 04:33:02] 输入文件:
[2025-08-22 04:33:02]   - X截面: x_crosssection_trimmed_amount_profile_of_Movement_on_Y-axis.csv
[2025-08-22 04:33:02]   - Y截面: y_crosssection_trimmed_amount_profile_of_Movement_on_X-axis.csv
[2025-08-22 04:33:02]   - 初始束流: beamprofile.csv
[2025-08-22 04:33:02] 优化区域: 核心2817点, 过渡12550点, 边缘46152点
[2025-08-22 04:33:02] 加载并预处理实验数据...
[2025-08-22 04:33:02] 加载初始束流失败: 'HybridBeamOptimizer' object has no attribute 'center_idx'
[2025-08-22 04:33:02] 
===== 开始混合优化 (总迭代: 100) =====
[2025-08-22 04:33:02] 核心区权重变化: 1.0 → 0.3 | 边缘区权重: 0.0 → 0.7
[2025-08-22 04:33:02] 初始混合误差: 0.299911
[2025-08-22 04:33:02] Iter 0: Error=0.271855 (Δ-0.028056)
[2025-08-22 04:33:03] Iter 10: Error=0.245156 (Δ-0.003258)
[2025-08-22 04:33:06] Iter 40: Error=0.205891 (Δ-0.001439)
[2025-08-22 04:33:07] Iter 50: Error=0.202671 (Δ-0.000008)
[2025-08-22 04:33:08] Iter 70: Error=0.197350 (Δ-0.000523)
[2025-08-22 04:33:09] Iter 80: Error=0.194950 (Δ-0.000260)
[2025-08-22 04:33:10] Iter 90: Error=0.192933 (Δ-0.000194)
[2025-08-22 04:33:11] 
优化完成! 耗时: 9.3秒
[2025-08-22 04:33:11] 最终误差: 0.190341
[2025-08-22 04:33:11] 核心区误差历史: 0.237472 → 0.269789
[2025-08-22 04:33:11] 边缘区误差历史: 0.156481 → 0.156481
[2025-08-22 04:33:11] 结果文件: hybrid_optimized_beam_highres.csv (0.1mm)
[2025-08-22 04:33:11]          hybrid_optimized_beam_lowres.csv (1mm)
[2025-08-22 04:33:12] 可视化结果保存成功: hybrid_beam_optimization_result.png
